<?xml version="1.0" encoding="UTF-8"?>
<!-- Generated by org.testng.reporters.JUnitReportReporter -->
<testsuite hostname="DESKTOP-RFI93LB" failures="0" tests="1" name="orangeHrmAutomation.tests.OrangeHrmTests" time="26.438" errors="0" timestamp="2023-01-07T16:22:40 EST" skipped="0">
  <testcase classname="orangeHrmAutomation.tests.OrangeHrmTests" name="myInfoPageTest" time="26.438"/>
  <system-out/>
</testsuite> <!-- orangeHrmAutomation.tests.OrangeHrmTests -->
