<?xml version="1.0" encoding="UTF-8"?>
<!-- Generated by org.testng.reporters.JUnitReportReporter -->
<testsuite hostname="DESKTOP-RFI93LB" failures="0" tests="1" name="orangeHrmAutomation.tests.testLeavePage" time="72.793" errors="0" timestamp="2022-12-23T09:50:11 EST" skipped="0">
  <testcase classname="orangeHrmAutomation.tests.testLeavePage" name="LoginPageTest" time="72.793"/>
  <system-out/>
</testsuite> <!-- orangeHrmAutomation.tests.testLeavePage -->
