<?xml version="1.0" encoding="UTF-8"?>
<!-- Generated by org.testng.reporters.JUnitReportReporter -->
<testsuite hostname="DESKTOP-RFI93LB" failures="0" tests="2" name="orangeHrmAutomation.tests.OrangeHrmGridTest" time="3.955" errors="0" timestamp="2023-01-05T10:01:17 EST" skipped="0">
  <testcase classname="orangeHrmAutomation.tests.OrangeHrmGridTest" name="gridTest" time="3.254"/>
  <system-out/>
  <testcase classname="orangeHrmAutomation.tests.OrangeHrmGridTest" name="gridTest2" time="0.701"/>
  <system-out/>
</testsuite> <!-- orangeHrmAutomation.tests.OrangeHrmGridTest -->
